0 info it worked if it ends with ok
1 verbose cli [ '/usr/local/bin/node', '/usr/local/bin/npm', 'run', 'startDev' ]
2 info using npm@2.14.2
3 info using node@v4.0.0
4 verbose run-script [ 'prestartDev', 'startDev', 'poststartDev' ]
5 info prestartDev jwt-server@1.0.0
6 info startDev jwt-server@1.0.0
7 verbose unsafe-perm in lifecycle true
8 info jwt-server@1.0.0 Failed to exec startDev script
9 verbose stack Error: jwt-server@1.0.0 startDev: `ENV_DEFINITION=development node app/server/index.js`
9 verbose stack Exit status 1
9 verbose stack     at EventEmitter.<anonymous> (/usr/local/lib/node_modules/npm/lib/utils/lifecycle.js:214:16)
9 verbose stack     at emitTwo (events.js:87:13)
9 verbose stack     at EventEmitter.emit (events.js:172:7)
9 verbose stack     at ChildProcess.<anonymous> (/usr/local/lib/node_modules/npm/lib/utils/spawn.js:24:14)
9 verbose stack     at emitTwo (events.js:87:13)
9 verbose stack     at ChildProcess.emit (events.js:172:7)
9 verbose stack     at maybeClose (internal/child_process.js:817:16)
9 verbose stack     at Process.ChildProcess._handle.onexit (internal/child_process.js:211:5)
10 verbose pkgid jwt-server@1.0.0
11 verbose cwd /home/ben/Dev/jwtServer/app/server
12 error Linux 3.13.0-63-generic
13 error argv "/usr/local/bin/node" "/usr/local/bin/npm" "run" "startDev"
14 error node v4.0.0
15 error npm  v2.14.2
16 error code ELIFECYCLE
17 error jwt-server@1.0.0 startDev: `ENV_DEFINITION=development node app/server/index.js`
17 error Exit status 1
18 error Failed at the jwt-server@1.0.0 startDev script 'ENV_DEFINITION=development node app/server/index.js'.
18 error This is most likely a problem with the jwt-server package,
18 error not with npm itself.
18 error Tell the author that this fails on your system:
18 error     ENV_DEFINITION=development node app/server/index.js
18 error You can get their info via:
18 error     npm owner ls jwt-server
18 error There is likely additional logging output above.
19 verbose exit [ 1, true ]
